<?xml version="1.0" encoding="UTF-8"?>
<!-- Generated by org.testng.reporters.JUnitXMLReporter -->
<testsuite ignored="2" hostname="DESKTOP-4B5SD2P" failures="0" tests="1" name="NegativePasswordTest with firefox" time="4.985" errors="0" timestamp="2020-11-22T19:46:39 EST">
  <testcase classname="Mylogin.LoginTests" name="negativeLoginTest" time="1.078"/>
  <testcase classname="Mylogin.LoginTests" name="positiveloginTest" time="0.0">
    <ignored/>
  </testcase> <!-- positiveloginTest -->
  <testcase classname="Mylogin.LoginTests" name="testFindElements" time="0.0">
    <ignored/>
  </testcase> <!-- testFindElements -->
</testsuite> <!-- NegativePasswordTest with firefox -->
