<?xml version="1.0" encoding="UTF-8"?>
<!-- Generated by org.testng.reporters.JUnitXMLReporter -->
<testsuite ignored="1" hostname="DESKTOP-4B5SD2P" failures="0" tests="1" name="NegativePasswordTest" time="5.081" errors="0" timestamp="2020-11-22T12:06:06 EST">
  <testcase classname="Mylogin.LoginTests" name="negativeLoginTest" time="0.858"/>
  <testcase classname="Mylogin.LoginTests" name="positiveloginTest" time="0.0">
    <ignored/>
  </testcase> <!-- positiveloginTest -->
</testsuite> <!-- NegativePasswordTest -->
