<?xml version="1.0" encoding="UTF-8"?>
<!-- Generated by org.testng.reporters.JUnitXMLReporter -->
<testsuite ignored="2" hostname="DESKTOP-4B5SD2P" failures="0" tests="1" name="PositiveTests" time="7.787" errors="0" timestamp="2020-11-23T22:11:51 EST">
  <testcase classname="Mylogin.LoginTests" name="positiveloginTest" time="1.18"/>
  <testcase classname="Mylogin.LoginTests" name="negativeLoginTest" time="0.0">
    <ignored/>
  </testcase> <!-- negativeLoginTest -->
  <testcase classname="Mylogin.LoginTests" name="testFindElements" time="0.0">
    <ignored/>
  </testcase> <!-- testFindElements -->
</testsuite> <!-- PositiveTests -->
