<?xml version="1.0" encoding="UTF-8"?>
<!-- Generated by org.testng.reporters.JUnitXMLReporter -->
<testsuite ignored="1" hostname="DESKTOP-4B5SD2P" failures="0" tests="1" name="NegativeTests" time="5.819" errors="0" timestamp="2020-11-20T16:46:49 EST">
  <testcase classname="Mylogin.NegativeTests" name="invalidUserName" time="5.781"/>
  <testcase classname="Mylogin.NegativeTests" name="invalidPassword" time="0.0">
    <ignored/>
  </testcase> <!-- invalidPassword -->
</testsuite> <!-- NegativeTests -->
