<?xml version="1.0" encoding="UTF-8"?>
<testng-results ignored="0" total="1" passed="1" failed="0" skipped="0">
  <reporter-output>
  </reporter-output>
  <suite started-at="2020-11-23T22:26:01 EST" name="Default suite" finished-at="2020-11-23T22:26:09 EST" duration-ms="8293">
    <groups>
    </groups>
    <test started-at="2020-11-23T22:26:01 EST" name="Default test" finished-at="2020-11-23T22:26:09 EST" duration-ms="8293">
      <class name="Mylogin.sunny">
        <test-method is-config="true" signature="setup()[pri:0, instance:Mylogin.sunny@37f1104d]" started-at="2020-11-23T22:26:01 EST" name="setup" finished-at="2020-11-23T22:26:07 EST" duration-ms="6416" status="PASS">
          <reporter-output>
          </reporter-output>
        </test-method> <!-- setup -->
        <test-method signature="login()[pri:0, instance:Mylogin.sunny@37f1104d]" started-at="2020-11-23T22:26:07 EST" name="login" finished-at="2020-11-23T22:26:08 EST" duration-ms="729" status="PASS">
          <reporter-output>
          </reporter-output>
        </test-method> <!-- login -->
        <test-method is-config="true" signature="close()[pri:0, instance:Mylogin.sunny@37f1104d]" started-at="2020-11-23T22:26:08 EST" name="close" finished-at="2020-11-23T22:26:09 EST" duration-ms="1106" status="PASS">
          <reporter-output>
          </reporter-output>
        </test-method> <!-- close -->
      </class> <!-- Mylogin.sunny -->
    </test> <!-- Default test -->
  </suite> <!-- Default suite -->
</testng-results>
